2025-04-21 10:26:35,296 - FlightTicketCalculator - INFO - Ứng dụng khởi động, thiết lập logging hoàn tất.
2025-04-21 10:26:38,850 - FlightTicketCalculator - DEBUG - Khởi tạo SupportDialog
2025-04-21 10:26:38,852 - FlightTicketCalculator - DEBUG - Khởi tạo giao diện SupportDialog
2025-04-21 10:26:38,871 - FlightTicketCalculator - DEBUG - Đã hiển thị 11 menu trong 2 cột theo hàng ngang
2025-04-21 10:26:38,880 - FlightTicketCalculator - DEBUG - Hoàn tất khởi tạo giao diện SupportDialog
2025-04-21 10:26:51,573 - FlightTicketCalculator - INFO - Ứng dụng khởi động, thiết lập logging hoàn tất.
2025-04-21 10:26:55,306 - FlightTicketCalculator - DEBUG - Khởi tạo SupportDialog
2025-04-21 10:26:55,309 - FlightTicketCalculator - DEBUG - Khởi tạo giao diện SupportDialog
2025-04-21 10:26:55,330 - FlightTicketCalculator - DEBUG - Đã hiển thị 11 menu trong 2 cột theo hàng ngang
2025-04-21 10:26:55,341 - FlightTicketCalculator - DEBUG - Hoàn tất khởi tạo giao diện SupportDialog
2025-04-21 10:26:56,442 - FlightTicketCalculator - DEBUG - Đã ghim cửa sổ SupportDialog lên trên cùng
2025-04-21 10:27:08,456 - FlightTicketCalculator - DEBUG - Đã chọn menu: 11. Tổng giá vé đã bao sồm to...
2025-04-21 10:27:08,593 - FlightTicketCalculator - DEBUG - Mở cửa sổ chỉnh sửa cho menu: Tổng giá vé đã bao sồm to
2025-04-21 10:27:08,593 - FlightTicketCalculator - DEBUG - Khởi tạo EditMenuDialog với menu_name: Tổng giá vé đã bao sồm toàn bộ thuế phí, được mang 7kg xách
2025-04-21 10:27:08,595 - FlightTicketCalculator - DEBUG - Khởi tạo giao diện EditMenuDialog
2025-04-21 10:27:08,598 - FlightTicketCalculator - DEBUG - Đã thiết lập nội dung văn bản
2025-04-21 10:27:08,600 - FlightTicketCalculator - DEBUG - Hoàn tất khởi tạo giao diện EditMenuDialog
2025-04-21 10:27:10,001 - FlightTicketCalculator - DEBUG - Đã chọn menu: 9. Tổng giá vé đã bao gồm toà...
2025-04-21 10:27:10,200 - FlightTicketCalculator - DEBUG - Mở cửa sổ chỉnh sửa cho menu: Tổng giá vé đã bao gồm toà
2025-04-21 10:27:10,200 - FlightTicketCalculator - DEBUG - Khởi tạo EditMenuDialog với menu_name: Tổng giá vé đã bao gồm toàn bộ thuế phí, được mang 7kg xách
2025-04-21 10:27:10,201 - FlightTicketCalculator - DEBUG - Khởi tạo giao diện EditMenuDialog
2025-04-21 10:27:10,203 - FlightTicketCalculator - DEBUG - Đã thiết lập nội dung văn bản
2025-04-21 10:27:10,206 - FlightTicketCalculator - DEBUG - Hoàn tất khởi tạo giao diện EditMenuDialog
2025-04-21 10:27:11,320 - FlightTicketCalculator - DEBUG - Đã chọn menu: 5. Test 5
2025-04-21 10:27:11,416 - FlightTicketCalculator - DEBUG - Mở cửa sổ chỉnh sửa cho menu: Test 5
2025-04-21 10:27:11,417 - FlightTicketCalculator - DEBUG - Khởi tạo EditMenuDialog với menu_name: Test 5
2025-04-21 10:27:11,418 - FlightTicketCalculator - DEBUG - Khởi tạo giao diện EditMenuDialog
2025-04-21 10:27:11,420 - FlightTicketCalculator - DEBUG - Đã thiết lập nội dung văn bản
2025-04-21 10:27:11,422 - FlightTicketCalculator - DEBUG - Hoàn tất khởi tạo giao diện EditMenuDialog
2025-04-21 10:27:13,200 - FlightTicketCalculator - DEBUG - Đã chọn menu: 1. Tổng giá vé đã bao gồm toà...
2025-04-21 10:27:13,280 - FlightTicketCalculator - DEBUG - Mở cửa sổ chỉnh sửa cho menu: Tổng giá vé đã bao gồm toà
2025-04-21 10:27:13,281 - FlightTicketCalculator - DEBUG - Khởi tạo EditMenuDialog với menu_name: Tổng giá vé đã bao gồm toàn bộ thuế phí, được mang 7kg xách
2025-04-21 10:27:13,282 - FlightTicketCalculator - DEBUG - Khởi tạo giao diện EditMenuDialog
2025-04-21 10:27:13,285 - FlightTicketCalculator - DEBUG - Đã thiết lập nội dung văn bản
2025-04-21 10:27:13,288 - FlightTicketCalculator - DEBUG - Hoàn tất khởi tạo giao diện EditMenuDialog
2025-04-21 10:27:15,697 - FlightTicketCalculator - DEBUG - Đã chọn menu: 10. Tổng giá zé đã bao gồm to...
2025-04-21 10:27:15,809 - FlightTicketCalculator - DEBUG - Mở cửa sổ chỉnh sửa cho menu: Tổng giá zé đã bao gồm to
2025-04-21 10:27:15,809 - FlightTicketCalculator - DEBUG - Khởi tạo EditMenuDialog với menu_name: Tổng giá zé đã bao gồm toàn bộ thuế phí, được mang 7kg xách
2025-04-21 10:27:15,810 - FlightTicketCalculator - DEBUG - Khởi tạo giao diện EditMenuDialog
2025-04-21 10:27:15,813 - FlightTicketCalculator - DEBUG - Đã thiết lập nội dung văn bản
2025-04-21 10:27:15,815 - FlightTicketCalculator - DEBUG - Hoàn tất khởi tạo giao diện EditMenuDialog
2025-04-21 10:29:53,384 - FlightTicketCalculator - INFO - Ứng dụng khởi động, thiết lập logging hoàn tất.
2025-04-21 10:29:58,529 - FlightTicketCalculator - DEBUG - Khởi tạo SupportDialog
2025-04-21 10:29:58,532 - FlightTicketCalculator - DEBUG - Khởi tạo giao diện SupportDialog
2025-04-21 10:29:58,541 - FlightTicketCalculator - DEBUG - Đã hiển thị 0 menu trong 2 cột theo hàng ngang
2025-04-21 10:29:58,551 - FlightTicketCalculator - DEBUG - Hoàn tất khởi tạo giao diện SupportDialog
2025-04-21 10:30:00,402 - FlightTicketCalculator - DEBUG - Khởi tạo EditMenuDialog với menu_name: 
2025-04-21 10:30:00,403 - FlightTicketCalculator - DEBUG - Khởi tạo giao diện EditMenuDialog
2025-04-21 10:30:00,406 - FlightTicketCalculator - DEBUG - Đã thiết lập nội dung văn bản
2025-04-21 10:30:00,409 - FlightTicketCalculator - DEBUG - Hoàn tất khởi tạo giao diện EditMenuDialog
2025-04-21 10:30:03,390 - FlightTicketCalculator - DEBUG - Lấy dữ liệu: menu_name=1, len(html_content)=587
2025-04-21 10:30:03,394 - FlightTicketCalculator - DEBUG - Đã lưu menu vào file
2025-04-21 10:30:03,397 - FlightTicketCalculator - DEBUG - Đã hiển thị 1 menu trong 2 cột theo hàng ngang
2025-04-21 10:30:03,398 - FlightTicketCalculator - DEBUG - Đã thêm menu: 1
2025-04-21 10:30:32,462 - FlightTicketCalculator - INFO - Ứng dụng khởi động, thiết lập logging hoàn tất.
